\BOOKMARK [1][-]{section.1}{System Overview}{}% 1
\BOOKMARK [2][-]{subsection.1.1}{Naming Conventions and Terminology}{section.1}% 2
\BOOKMARK [2][-]{subsection.1.2}{Relevant Facts and Assumptions}{section.1}% 3
\BOOKMARK [2][-]{subsection.1.3}{Introduction}{section.1}% 4
\BOOKMARK [2][-]{subsection.1.4}{The Stakeholders}{section.1}% 5
\BOOKMARK [3][-]{subsubsection.1.4.1}{The Client}{subsection.1.4}% 6
\BOOKMARK [3][-]{subsubsection.1.4.2}{Other Stakeholders}{subsection.1.4}% 7
\BOOKMARK [2][-]{subsection.1.5}{Mandated Constraints}{section.1}% 8
\BOOKMARK [3][-]{subsubsection.1.5.1}{Budget Constraints}{subsection.1.5}% 9
\BOOKMARK [3][-]{subsubsection.1.5.2}{Schedule Constraints}{subsection.1.5}% 10
\BOOKMARK [1][-]{section.2}{Synopsis}{}% 11
\BOOKMARK [2][-]{subsection.2.1}{Software System}{section.2}% 12
\BOOKMARK [2][-]{subsection.2.2}{Hardware System}{section.2}% 13
\BOOKMARK [1][-]{section.3}{Project Overview}{}% 14
\BOOKMARK [2][-]{subsection.3.1}{Normal Operation}{section.3}% 15
\BOOKMARK [2][-]{subsection.3.2}{Behaviour Overview}{section.3}% 16
\BOOKMARK [2][-]{subsection.3.3}{Undesired Event Handling}{section.3}% 17
\BOOKMARK [1][-]{section.4}{System Contexts}{}% 18
\BOOKMARK [2][-]{subsection.4.1}{Preliminary System Contexts}{section.4}% 19
\BOOKMARK [2][-]{subsection.4.2}{Server Integrated System Context}{section.4}% 20
\BOOKMARK [2][-]{subsection.4.3}{Deployed System Context}{section.4}% 21
\BOOKMARK [1][-]{section.5}{System Goals}{}% 22
\BOOKMARK [1][-]{section.6}{System Boundary}{}% 23
\BOOKMARK [2][-]{subsection.6.1}{Preliminary Set of Monitored \046 Controlled Variables}{section.6}% 24
\BOOKMARK [2][-]{subsection.6.2}{Environment Variables}{section.6}% 25
\BOOKMARK [1][-]{section.7}{Operational Concepts}{}% 26
\BOOKMARK [1][-]{section.8}{Environmental Assumptions}{}% 27
\BOOKMARK [1][-]{section.9}{Functional Architecture}{}% 28
\BOOKMARK [2][-]{subsection.9.1}{Functional Requirements}{section.9}% 29
\BOOKMARK [3][-]{subsubsection.9.1.1}{Software System Functional Requirements}{subsection.9.1}% 30
\BOOKMARK [3][-]{subsubsection.9.1.2}{Hardware System Functional Requirements}{subsection.9.1}% 31
\BOOKMARK [2][-]{subsection.9.2}{Non-functional Requirements}{section.9}% 32
\BOOKMARK [3][-]{subsubsection.9.2.1}{Look and Feel Requirements}{subsection.9.2}% 33
\BOOKMARK [3][-]{subsubsection.9.2.2}{Appearance Requirements}{subsection.9.2}% 34
\BOOKMARK [3][-]{subsubsection.9.2.3}{Style Requirements}{subsection.9.2}% 35
\BOOKMARK [3][-]{subsubsection.9.2.4}{Usability and Humanity Requirements}{subsection.9.2}% 36
\BOOKMARK [3][-]{subsubsection.9.2.5}{Ease of use Requirements}{subsection.9.2}% 37
\BOOKMARK [3][-]{subsubsection.9.2.6}{Learning Requirements}{subsection.9.2}% 38
\BOOKMARK [3][-]{subsubsection.9.2.7}{Understandability and Politeness Requirements}{subsection.9.2}% 39
\BOOKMARK [3][-]{subsubsection.9.2.8}{Performance Requirements}{subsection.9.2}% 40
\BOOKMARK [3][-]{subsubsection.9.2.9}{Speed and Latency Requirements}{subsection.9.2}% 41
\BOOKMARK [3][-]{subsubsection.9.2.10}{Safety Critical Requirements}{subsection.9.2}% 42
\BOOKMARK [3][-]{subsubsection.9.2.11}{Precision of Accuracy Requirements}{subsection.9.2}% 43
\BOOKMARK [3][-]{subsubsection.9.2.12}{Reliability and Availability Requirements}{subsection.9.2}% 44
\BOOKMARK [3][-]{subsubsection.9.2.13}{Robustness of Fault Tolerance Requirements}{subsection.9.2}% 45
\BOOKMARK [3][-]{subsubsection.9.2.14}{Capacity Requirements}{subsection.9.2}% 46
\BOOKMARK [3][-]{subsubsection.9.2.15}{Operational and Environmental Requirements}{subsection.9.2}% 47
\BOOKMARK [3][-]{subsubsection.9.2.16}{Physical Environment}{subsection.9.2}% 48
\BOOKMARK [3][-]{subsubsection.9.2.17}{Release Requirements}{subsection.9.2}% 49
\BOOKMARK [3][-]{subsubsection.9.2.18}{Maintainability and Support Requirements}{subsection.9.2}% 50
\BOOKMARK [3][-]{subsubsection.9.2.19}{Maintenance Requirements}{subsection.9.2}% 51
\BOOKMARK [3][-]{subsubsection.9.2.20}{Adaptability Requirements}{subsection.9.2}% 52
\BOOKMARK [3][-]{subsubsection.9.2.21}{Security Requirements}{subsection.9.2}% 53
\BOOKMARK [3][-]{subsubsection.9.2.22}{Access Requirements}{subsection.9.2}% 54
\BOOKMARK [3][-]{subsubsection.9.2.23}{Privacy Requirements}{subsection.9.2}% 55
\BOOKMARK [3][-]{subsubsection.9.2.24}{Legal Requirements}{subsection.9.2}% 56
\BOOKMARK [3][-]{subsubsection.9.2.25}{Health and Safety Requirements}{subsection.9.2}% 57
\BOOKMARK [1][-]{section.10}{System Modes}{}% 58
\BOOKMARK [1][-]{section.11}{Plan}{}% 59
