\BOOKMARK [1][-]{section.1}{System Overview}{}% 1
\BOOKMARK [2][-]{subsection.1.1}{Naming Conventions and Terminology}{section.1}% 2
\BOOKMARK [2][-]{subsection.1.2}{Relevant Facts and Assumptions}{section.1}% 3
\BOOKMARK [2][-]{subsection.1.3}{Introduction}{section.1}% 4
\BOOKMARK [2][-]{subsection.1.4}{Purpose}{section.1}% 5
\BOOKMARK [3][-]{subsubsection.1.4.1}{System Purpose}{subsection.1.4}% 6
\BOOKMARK [3][-]{subsubsection.1.4.2}{Document Purpose}{subsection.1.4}% 7
\BOOKMARK [1][-]{section.2}{Scope}{}% 8
\BOOKMARK [2][-]{subsection.2.1}{System Summary}{section.2}% 9
\BOOKMARK [2][-]{subsection.2.2}{Assumptions}{section.2}% 10
\BOOKMARK [1][-]{section.3}{Project Overview}{}% 11
\BOOKMARK [2][-]{subsection.3.1}{Normal Operation}{section.3}% 12
\BOOKMARK [2][-]{subsection.3.2}{Behaviour Overview}{section.3}% 13
\BOOKMARK [2][-]{subsection.3.3}{Undesired Event Handling}{section.3}% 14
\BOOKMARK [1][-]{section.4}{System Contexts}{}% 15
\BOOKMARK [2][-]{subsection.4.1}{Preliminary System Contexts}{section.4}% 16
\BOOKMARK [2][-]{subsection.4.2}{Server Integrated System Context}{section.4}% 17
\BOOKMARK [2][-]{subsection.4.3}{Deployed System Context}{section.4}% 18
\BOOKMARK [2][-]{subsection.4.4}{Hardware System Context}{section.4}% 19
\BOOKMARK [2][-]{subsection.4.5}{Hardware System Parts}{section.4}% 20
\BOOKMARK [1][-]{section.5}{System Boundary}{}% 21
\BOOKMARK [2][-]{subsection.5.1}{Preliminary Set of Monitored \046 Controlled Variables}{section.5}% 22
\BOOKMARK [2][-]{subsection.5.2}{Environment Variables}{section.5}% 23
\BOOKMARK [1][-]{section.6}{Anticipated and Unlikely Changes}{}% 24
\BOOKMARK [1][-]{section.7}{Module Hierarchy}{}% 25
\BOOKMARK [1][-]{section.8}{Connection between Requirements and Design}{}% 26
\BOOKMARK [1][-]{section.9}{Module Decomposition}{}% 27
\BOOKMARK [1][-]{section.10}{Traceablility Matrix}{}% 28
\BOOKMARK [1][-]{section.11}{Use Hierarchy between Modules}{}% 29
