This is pdfTeX, Version 3.14159265-2.6-1.40.21 (TeX Live 2020) (preloaded format=pdflatex 2020.4.7)  19 JAN 2023 07:17
entering extended mode
 restricted \write18 enabled.
 file:line:error style messages enabled.
 %&-line parsing enabled.
**/Users/samueldehaan/Desktop/CAPSTONE/MobiCharged/docs/Design/DD_REV_0.tex
(/Users/samueldehaan/Desktop/CAPSTONE/MobiCharged/docs/Design/DD_REV_0.tex
LaTeX2e <2020-02-02> patch level 5
L3 programming layer <2020-03-06> (/usr/local/texlive/2020/texmf-dist/tex/latex/base/article.cls
Document Class: article 2019/12/20 v1.4l Standard LaTeX document class
(/usr/local/texlive/2020/texmf-dist/tex/latex/base/size12.clo
File: size12.clo 2019/12/20 v1.4l Standard LaTeX file (size option)
)
\c@part=\count167
\c@section=\count168
\c@subsection=\count169
\c@subsubsection=\count170
\c@paragraph=\count171
\c@subparagraph=\count172
\c@figure=\count173
\c@table=\count174
\abovecaptionskip=\skip47
\belowcaptionskip=\skip48
\bibindent=\dimen134
) (/usr/local/texlive/2020/texmf-dist/tex/latex/float/float.sty
Package: float 2001/11/08 v1.3d Float enhancements (AL)
\c@float@type=\count175
\float@exts=\toks15
\float@box=\box45
\@float@everytoks=\toks16
\@floatcapt=\box46
) (/usr/local/texlive/2020/texmf-dist/tex/latex/booktabs/booktabs.sty
Package: booktabs 2020/01/12 v1.61803398 Publication quality tables
\heavyrulewidth=\dimen135
\lightrulewidth=\dimen136
\cmidrulewidth=\dimen137
\belowrulesep=\dimen138
\belowbottomsep=\dimen139
\aboverulesep=\dimen140
\abovetopsep=\dimen141
\cmidrulesep=\dimen142
\cmidrulekern=\dimen143
\defaultaddspace=\dimen144
\@cmidla=\count176
\@cmidlb=\count177
\@aboverulesep=\dimen145
\@belowrulesep=\dimen146
\@thisruleclass=\count178
\@lastruleclass=\count179
\@thisrulewidth=\dimen147
) (/usr/local/texlive/2020/texmf-dist/tex/latex/tools/tabularx.sty
Package: tabularx 2020/01/15 v2.11c `tabularx' package (DPC)
 (/usr/local/texlive/2020/texmf-dist/tex/latex/tools/array.sty
Package: array 2019/08/31 v2.4l Tabular extension package (FMi)
\col@sep=\dimen148
\ar@mcellbox=\box47
\extrarowheight=\dimen149
\NC@list=\toks17
\extratabsurround=\skip49
\backup@length=\skip50
\ar@cellbox=\box48
)
\TX@col@width=\dimen150
\TX@old@table=\dimen151
\TX@old@col=\dimen152
\TX@target=\dimen153
\TX@delta=\dimen154
\TX@cols=\count180
\TX@ftn=\toks18
) (/usr/local/texlive/2020/texmf-dist/tex/latex/hyperref/hyperref.sty
Package: hyperref 2020/01/14 v7.00d Hypertext links for LaTeX
 (/usr/local/texlive/2020/texmf-dist/tex/generic/ltxcmds/ltxcmds.sty
Package: ltxcmds 2019/12/15 v1.24 LaTeX kernel commands for general use (HO)
) (/usr/local/texlive/2020/texmf-dist/tex/generic/iftex/iftex.sty
Package: iftex 2020/03/06 v1.0d TeX engine tests
) (/usr/local/texlive/2020/texmf-dist/tex/latex/pdftexcmds/pdftexcmds.sty
Package: pdftexcmds 2019/11/24 v0.31 Utility functions of pdfTeX for LuaTeX (HO)
 (/usr/local/texlive/2020/texmf-dist/tex/generic/infwarerr/infwarerr.sty
Package: infwarerr 2019/12/03 v1.5 Providing info/warning/error messages (HO)
)
Package pdftexcmds Info: \pdf@primitive is available.
Package pdftexcmds Info: \pdf@ifprimitive is available.
Package pdftexcmds Info: \pdfdraftmode found.
) (/usr/local/texlive/2020/texmf-dist/tex/latex/graphics/keyval.sty
Package: keyval 2014/10/28 v1.15 key=value parser (DPC)
\KV@toks@=\toks19
) (/usr/local/texlive/2020/texmf-dist/tex/generic/kvsetkeys/kvsetkeys.sty
Package: kvsetkeys 2019/12/15 v1.18 Key value parser (HO)
) (/usr/local/texlive/2020/texmf-dist/tex/generic/kvdefinekeys/kvdefinekeys.sty
Package: kvdefinekeys 2019-12-19 v1.6 Define keys (HO)
) (/usr/local/texlive/2020/texmf-dist/tex/generic/pdfescape/pdfescape.sty
Package: pdfescape 2019/12/09 v1.15 Implements pdfTeX's escape features (HO)
) (/usr/local/texlive/2020/texmf-dist/tex/latex/hycolor/hycolor.sty
Package: hycolor 2020-01-27 v1.10 Color options for hyperref/bookmark (HO)
) (/usr/local/texlive/2020/texmf-dist/tex/latex/letltxmacro/letltxmacro.sty
Package: letltxmacro 2019/12/03 v1.6 Let assignment for LaTeX macros (HO)
) (/usr/local/texlive/2020/texmf-dist/tex/latex/auxhook/auxhook.sty
Package: auxhook 2019-12-17 v1.6 Hooks for auxiliary files (HO)
) (/usr/local/texlive/2020/texmf-dist/tex/latex/kvoptions/kvoptions.sty
Package: kvoptions 2019/11/29 v3.13 Key value format for package options (HO)
)
\@linkdim=\dimen155
\Hy@linkcounter=\count181
\Hy@pagecounter=\count182
 (/usr/local/texlive/2020/texmf-dist/tex/latex/hyperref/pd1enc.def
File: pd1enc.def 2020/01/14 v7.00d Hyperref: PDFDocEncoding definition (HO)
Now handling font encoding PD1 ...
... no UTF-8 mapping file for font encoding PD1
) (/usr/local/texlive/2020/texmf-dist/tex/generic/intcalc/intcalc.sty
Package: intcalc 2019/12/15 v1.3 Expandable calculations with integers (HO)
) (/usr/local/texlive/2020/texmf-dist/tex/generic/etexcmds/etexcmds.sty
Package: etexcmds 2019/12/15 v1.7 Avoid name clashes with e-TeX commands (HO)
)
\Hy@SavedSpaceFactor=\count183
Package hyperref Info: Hyper figures OFF on input line 4547.
Package hyperref Info: Link nesting OFF on input line 4552.
Package hyperref Info: Hyper index ON on input line 4555.
Package hyperref Info: Plain pages OFF on input line 4562.
Package hyperref Info: Backreferencing OFF on input line 4567.
Package hyperref Info: Implicit mode ON; LaTeX internals redefined.
Package hyperref Info: Bookmarks ON on input line 4800.
\c@Hy@tempcnt=\count184
 (/usr/local/texlive/2020/texmf-dist/tex/latex/url/url.sty
\Urlmuskip=\muskip16
Package: url 2013/09/16  ver 3.4  Verb mode for urls, etc.
)
LaTeX Info: Redefining \url on input line 5159.
\XeTeXLinkMargin=\dimen156
 (/usr/local/texlive/2020/texmf-dist/tex/generic/bitset/bitset.sty
Package: bitset 2019/12/09 v1.3 Handle bit-vector datatype (HO)
 (/usr/local/texlive/2020/texmf-dist/tex/generic/bigintcalc/bigintcalc.sty
Package: bigintcalc 2019/12/15 v1.5 Expandable calculations on big integers (HO)
))
\Fld@menulength=\count185
\Field@Width=\dimen157
\Fld@charsize=\dimen158
Package hyperref Info: Hyper figures OFF on input line 6430.
Package hyperref Info: Link nesting OFF on input line 6435.
Package hyperref Info: Hyper index ON on input line 6438.
Package hyperref Info: backreferencing OFF on input line 6445.
Package hyperref Info: Link coloring OFF on input line 6450.
Package hyperref Info: Link coloring with OCG OFF on input line 6455.
Package hyperref Info: PDF/A mode OFF on input line 6460.
LaTeX Info: Redefining \ref on input line 6500.
LaTeX Info: Redefining \pageref on input line 6504.
 (/usr/local/texlive/2020/texmf-dist/tex/generic/atbegshi/atbegshi.sty
Package: atbegshi 2019/12/05 v1.19 At begin shipout hook (HO)
)
\Hy@abspage=\count186
\c@Item=\count187
\c@Hfootnote=\count188
)
Package hyperref Info: Driver (autodetected): hpdftex.
 (/usr/local/texlive/2020/texmf-dist/tex/latex/hyperref/hpdftex.def
File: hpdftex.def 2020/01/14 v7.00d Hyperref driver for pdfTeX
 (/usr/local/texlive/2020/texmf-dist/tex/latex/atveryend/atveryend.sty
Package: atveryend 2019-12-11 v1.11 Hooks at the very end of document (HO)
Package atveryend Info: \enddocument detected (standard20110627).
)
\Fld@listcount=\count189
\c@bookmark@seq@number=\count190
 (/usr/local/texlive/2020/texmf-dist/tex/latex/rerunfilecheck/rerunfilecheck.sty
Package: rerunfilecheck 2019/12/05 v1.9 Rerun checks for auxiliary files (HO)
 (/usr/local/texlive/2020/texmf-dist/tex/generic/uniquecounter/uniquecounter.sty
Package: uniquecounter 2019/12/15 v1.4 Provide unlimited unique counter (HO)
)
Package uniquecounter Info: New unique counter `rerunfilecheck' on input line 286.
)
\Hy@SectionHShift=\skip51
) (/usr/local/texlive/2020/texmf-dist/tex/latex/graphics/graphicx.sty
Package: graphicx 2019/11/30 v1.2a Enhanced LaTeX Graphics (DPC,SPQR)
 (/usr/local/texlive/2020/texmf-dist/tex/latex/graphics/graphics.sty
Package: graphics 2019/11/30 v1.4a Standard LaTeX Graphics (DPC,SPQR)
 (/usr/local/texlive/2020/texmf-dist/tex/latex/graphics/trig.sty
Package: trig 2016/01/03 v1.10 sin cos tan (DPC)
) (/usr/local/texlive/2020/texmf-dist/tex/latex/graphics-cfg/graphics.cfg
File: graphics.cfg 2016/06/04 v1.11 sample graphics configuration
)
Package graphics Info: Driver file: pdftex.def on input line 105.
 (/usr/local/texlive/2020/texmf-dist/tex/latex/graphics-def/pdftex.def
File: pdftex.def 2018/01/08 v1.0l Graphics/color driver for pdftex
))
\Gin@req@height=\dimen159
\Gin@req@width=\dimen160
) (/usr/local/texlive/2020/texmf-dist/tex/latex/titling/titling.sty
Package: titling 2009/09/04 v2.1d maketitle typesetting
\thanksmarkwidth=\skip52
\thanksmargin=\skip53
\droptitle=\skip54
) (/usr/local/texlive/2020/texmf-dist/tex/latex/base/inputenc.sty
Package: inputenc 2018/08/11 v1.3c Input encoding file
\inpenc@prehook=\toks20
\inpenc@posthook=\toks21
) (/usr/local/texlive/2020/texmf-dist/tex/latex/was/gensymb.sty
Package: gensymb 2003/07/02 v1.0 (WaS)
) (/usr/local/texlive/2020/texmf-dist/tex/latex/siunitx/siunitx.sty (/usr/local/texlive/2020/texmf-dist/tex/latex/l3kernel/expl3.sty
Package: expl3 2020-03-06 L3 programming layer (loader) 
 (/usr/local/texlive/2020/texmf-dist/tex/latex/l3backend/l3backend-pdfmode.def
File: l3backend-pdfmode.def 2020-03-12 L3 backend support: PDF mode
\l__kernel_color_stack_int=\count191
\l__pdf_internal_box=\box49
)) (/usr/local/texlive/2020/texmf-dist/tex/latex/l3packages/xparse/xparse.sty
Package: xparse 2020-03-06 L3 Experimental document command parser
\l__xparse_current_arg_int=\count192
\g__xparse_grabber_int=\count193
\l__xparse_m_args_int=\count194
\l__xparse_v_nesting_int=\count195
)
Package: siunitx 2020/02/25 v2.8b A comprehensive (SI) units package
 (/usr/local/texlive/2020/texmf-dist/tex/latex/amsmath/amstext.sty
Package: amstext 2000/06/29 v2.01 AMS text
 (/usr/local/texlive/2020/texmf-dist/tex/latex/amsmath/amsgen.sty
File: amsgen.sty 1999/11/30 v2.0 generic functions
\@emptytoks=\toks22
\ex@=\dimen161
)) (/usr/local/texlive/2020/texmf-dist/tex/latex/l3packages/l3keys2e/l3keys2e.sty
Package: l3keys2e 2020-03-06 LaTeX2e option processing using LaTeX3 keys
)
\l__siunitx_tmp_box=\box50
\l__siunitx_tmp_dim=\dimen162
\l__siunitx_tmp_int=\count196
\l__siunitx_number_mantissa_length_int=\count197
\l__siunitx_number_uncert_length_int=\count198
\l__siunitx_round_int=\count199
\l__siunitx_process_decimal_int=\count266
\l__siunitx_process_uncertainty_int=\count267
\l__siunitx_process_fixed_int=\count268
\l__siunitx_process_integer_min_int=\count269
\l__siunitx_process_precision_int=\count270
\l__siunitx_group_min_int=\count271
\l__siunitx_angle_marker_box=\box51
\l__siunitx_angle_unit_box=\box52
\l__siunitx_angle_marker_dim=\dimen163
\l__siunitx_angle_unit_dim=\dimen164
\l__siunitx_unit_int=\count272
\l__siunitx_unit_denominator_int=\count273
\l__siunitx_unit_numerator_int=\count274
\l__siunitx_unit_prefix_int=\count275
\l__siunitx_unit_prefix_base_int=\count276
\l__siunitx_unit_prefix_gram_int=\count277
\l__siunitx_number_product_int=\count278
\c__siunitx_one_fill_skip=\skip55
\l__siunitx_table_unit_align_skip=\skip56
\l__siunitx_table_exponent_dim=\dimen165
\l__siunitx_table_integer_dim=\dimen166
\l__siunitx_table_mantissa_dim=\dimen167
\l__siunitx_table_marker_dim=\dimen168
\l__siunitx_table_result_dim=\dimen169
\l__siunitx_table_uncert_dim=\dimen170
\l__siunitx_table_fill_pre_dim=\dimen171
\l__siunitx_table_fill_post_dim=\dimen172
\l__siunitx_table_fill_mid_dim=\dimen173
\l__siunitx_table_pre_box=\box53
\l__siunitx_table_post_box=\box54
\l__siunitx_table_mantissa_box=\box55
\l__siunitx_table_result_box=\box56
\l__siunitx_table_number_align_skip=\skip57
\l__siunitx_table_text_align_skip=\skip58
 (/usr/local/texlive/2020/texmf-dist/tex/latex/translator/translator.sty
Package: translator 2019-05-31 v1.12a Easy translation of strings in LaTeX
)) (/usr/local/texlive/2020/texmf-dist/tex/latex/base/textcomp.sty
Package: textcomp 2020/02/02 v2.0n Standard LaTeX package
)
Package hyperref Info: Option `colorlinks' set `true' on input line 24.
 (/usr/local/texlive/2020/texmf-dist/tex/latex/natbib/natbib.sty
Package: natbib 2010/09/13 8.31b (PWD, AO)
\bibhang=\skip59
\bibsep=\skip60
LaTeX Info: Redefining \cite on input line 694.
\c@NAT@ctr=\count279
) (/Users/samueldehaan/Desktop/CAPSTONE/MobiCharged/docs/Design/DD_REV_0.aux)
\openout1 = `DD_REV_0.aux'.

LaTeX Font Info:    Checking defaults for OML/cmm/m/it on input line 26.
LaTeX Font Info:    ... okay on input line 26.
LaTeX Font Info:    Checking defaults for OMS/cmsy/m/n on input line 26.
LaTeX Font Info:    ... okay on input line 26.
LaTeX Font Info:    Checking defaults for OT1/cmr/m/n on input line 26.
LaTeX Font Info:    ... okay on input line 26.
LaTeX Font Info:    Checking defaults for T1/cmr/m/n on input line 26.
LaTeX Font Info:    ... okay on input line 26.
LaTeX Font Info:    Checking defaults for TS1/cmr/m/n on input line 26.
LaTeX Font Info:    ... okay on input line 26.
LaTeX Font Info:    Checking defaults for OMX/cmex/m/n on input line 26.
LaTeX Font Info:    ... okay on input line 26.
LaTeX Font Info:    Checking defaults for U/cmr/m/n on input line 26.
LaTeX Font Info:    ... okay on input line 26.
LaTeX Font Info:    Checking defaults for PD1/pdf/m/n on input line 26.
LaTeX Font Info:    ... okay on input line 26.
\AtBeginShipoutBox=\box57
 (/usr/local/texlive/2020/texmf-dist/tex/latex/graphics/color.sty
Package: color 2019/11/23 v1.2a Standard LaTeX Color (DPC)
 (/usr/local/texlive/2020/texmf-dist/tex/latex/graphics-cfg/color.cfg
File: color.cfg 2016/01/02 v1.6 sample color configuration
)
Package color Info: Driver file: pdftex.def on input line 147.
)
Package hyperref Info: Link coloring ON on input line 26.
 (/usr/local/texlive/2020/texmf-dist/tex/latex/hyperref/nameref.sty
Package: nameref 2019/09/16 v2.46 Cross-referencing by name of section
 (/usr/local/texlive/2020/texmf-dist/tex/latex/refcount/refcount.sty
Package: refcount 2019/12/15 v3.6 Data extraction from label references (HO)
) (/usr/local/texlive/2020/texmf-dist/tex/generic/gettitlestring/gettitlestring.sty
Package: gettitlestring 2019/12/15 v1.6 Cleanup title references (HO)
)
\c@section@level=\count280
)
LaTeX Info: Redefining \ref on input line 26.
LaTeX Info: Redefining \pageref on input line 26.
LaTeX Info: Redefining \nameref on input line 26.
 (/Users/samueldehaan/Desktop/CAPSTONE/MobiCharged/docs/Design/DD_REV_0.out) (/Users/samueldehaan/Desktop/CAPSTONE/MobiCharged/docs/Design/DD_REV_0.out)
\@outlinefile=\write3
\openout3 = `DD_REV_0.out'.

 (/usr/local/texlive/2020/texmf-dist/tex/context/base/mkii/supp-pdf.mkii
[Loading MPS to PDF converter (version 2006.09.02).]
\scratchcounter=\count281
\scratchdimen=\dimen174
\scratchbox=\box58
\nofMPsegments=\count282
\nofMParguments=\count283
\everyMPshowfont=\toks23
\MPscratchCnt=\count284
\MPscratchDim=\dimen175
\MPnumerator=\count285
\makeMPintoPDFobject=\count286
\everyMPtoPDFconversion=\toks24
) (/usr/local/texlive/2020/texmf-dist/tex/latex/epstopdf-pkg/epstopdf-base.sty
Package: epstopdf-base 2020-01-24 v2.11 Base part for package epstopdf
Package epstopdf-base Info: Redefining graphics rule for `.eps' on input line 485.
 (/usr/local/texlive/2020/texmf-dist/tex/latex/latexconfig/epstopdf-sys.cfg
File: epstopdf-sys.cfg 2010/07/13 v1.3 Configuration of (r)epstopdf for TeX Live
))
\symgns@font=\mathgroup4
LaTeX Font Info:    Overwriting symbol font `gns@font' in version `bold'
(Font)                  TS1/cmr/m/n --> TS1/cmr/b/n on input line 26.
Package gensymb Info: Math companion symbols declared on input line 26.
LaTeX Info: Redefining \degree on input line 26.
LaTeX Info: Redefining \celsius on input line 26.
Package gensymb Info: Using text companion symbols for \degree, \celsius and \perthousand on input line 26.
LaTeX Info: Redefining \ohm on input line 26.
Package gensymb Info: Using \textohm for \ohm on input line 26.
Package gensymb Info: Using \textmu for \micro on input line 26.
 (/usr/local/texlive/2020/texmf-dist/tex/latex/translator/translator-basic-dictionary-English.dict
Dictionary: translator-basic-dictionary, Language: English 
) (/usr/local/texlive/2020/texmf-dist/tex/latex/siunitx/siunitx-abbreviations.cfg
File: siunitx-abbreviations.cfg 2017/11/26 v2.7k siunitx: Abbreviated units
)
LaTeX Font Info:    External font `cmex10' loaded for size
(Font)              <12> on input line 26.
LaTeX Font Info:    External font `cmex10' loaded for size
(Font)              <8> on input line 26.
LaTeX Font Info:    External font `cmex10' loaded for size
(Font)              <6> on input line 26.
<images/mobicharged.png, id=120, 188.20313pt x 145.29282pt>
File: images/mobicharged.png Graphic file (type png)
<use images/mobicharged.png>
Package pdftex.def Info: images/mobicharged.png  used on input line 44.
(pdftex.def)             Requested size: 256.0748pt x 197.70422pt.
LaTeX Font Info:    External font `cmex10' loaded for size
(Font)              <14.4> on input line 44.
LaTeX Font Info:    External font `cmex10' loaded for size
(Font)              <7> on input line 44.
 [1

{/usr/local/texlive/2020/texmf-var/fonts/map/pdftex/updmap/pdftex.map} </Users/samueldehaan/Desktop/CAPSTONE/MobiCharged/docs/Design/images/mobicharged.png>] (/Users/samueldehaan/Desktop/CAPSTONE/MobiCharged/docs/Design/DD_REV_0.toc)
\tf@toc=\write4
\openout4 = `DD_REV_0.toc'.

 [1] (/Users/samueldehaan/Desktop/CAPSTONE/MobiCharged/docs/Design/DD_REV_0.lof)
\tf@lof=\write5
\openout5 = `DD_REV_0.lof'.

 (/Users/samueldehaan/Desktop/CAPSTONE/MobiCharged/docs/Design/DD_REV_0.lot)
\tf@lot=\write6
\openout6 = `DD_REV_0.lot'.


Overfull \hbox (27.88579pt too wide) in paragraph at lines 55--62
[][] 
 []

[2]
Overfull \hbox (33.53854pt too wide) in paragraph at lines 75--102
[][] 
 []

pdfTeX warning (ext4): destination with the same identifier (name{page.1}) has been already used, duplicate ignored
<to be read again> 
                   \relax 
l.115 \par
           [1] [2] [3] [4]
Overfull \hbox (1.9237pt too wide) in paragraph at lines 176--177
\OT1/cmr/m/n/12 The sys-tem will in-ter-act with pre-existing mat-lab sim-u-la-tion pro-grams, purely
 []

[5]
<images/context0.png, id=216, 596.2275pt x 307.1475pt>
File: images/context0.png Graphic file (type png)
<use images/context0.png>
Package pdftex.def Info: images/context0.png  used on input line 186.
(pdftex.def)             Requested size: 426.79134pt x 219.86188pt.

Overfull \hbox (36.79134pt too wide) in paragraph at lines 186--187
 [][] 
 []

[6 </Users/samueldehaan/Desktop/CAPSTONE/MobiCharged/docs/Design/images/context0.png>]
<images/context1.png, id=222, 596.2275pt x 307.1475pt>
File: images/context1.png Graphic file (type png)
<use images/context1.png>
Package pdftex.def Info: images/context1.png  used on input line 195.
(pdftex.def)             Requested size: 426.79134pt x 219.86188pt.

Overfull \hbox (36.79134pt too wide) in paragraph at lines 195--196
 [][] 
 []

[7 </Users/samueldehaan/Desktop/CAPSTONE/MobiCharged/docs/Design/images/context1.png>]
<images/context2.png, id=228, 733.99219pt x 352.31625pt>
File: images/context2.png Graphic file (type png)
<use images/context2.png>
Package pdftex.def Info: images/context2.png  used on input line 203.
(pdftex.def)             Requested size: 426.79134pt x 204.86502pt.

Overfull \hbox (36.79134pt too wide) in paragraph at lines 203--204
 [][] 
 []

[8 </Users/samueldehaan/Desktop/CAPSTONE/MobiCharged/docs/Design/images/context2.png>]
<images/server_system.png, id=234, 755.82375pt x 683.55376pt>
File: images/server_system.png Graphic file (type png)
<use images/server_system.png>
Package pdftex.def Info: images/server_system.png  used on input line 214.
(pdftex.def)             Requested size: 426.79134pt x 385.97913pt.

Overfull \hbox (36.79134pt too wide) in paragraph at lines 214--215
 [][] 
 []

[9 </Users/samueldehaan/Desktop/CAPSTONE/MobiCharged/docs/Design/images/server_system.png>] [10]
<images/context3.png, id=245, 596.2275pt x 410.13225pt>
File: images/context3.png Graphic file (type png)
<use images/context3.png>
Package pdftex.def Info: images/context3.png  used on input line 226.
(pdftex.def)             Requested size: 426.79134pt x 293.58026pt.

Overfull \hbox (36.79134pt too wide) in paragraph at lines 226--227
 [][] 
 []

[11 </Users/samueldehaan/Desktop/CAPSTONE/MobiCharged/docs/Design/images/context3.png>]
<images/HardwareContext.png, id=251, 299.61937pt x 313.17pt>
File: images/HardwareContext.png Graphic file (type png)
<use images/HardwareContext.png>
Package pdftex.def Info: images/HardwareContext.png  used on input line 237.
(pdftex.def)             Requested size: 199.16928pt x 208.17897pt.

Underfull \hbox (badness 2213) in paragraph at lines 254--254
[]|\OT1/cmr/m/n/12 PCB: 183x169mm 2
 []


Underfull \hbox (badness 10000) in paragraph at lines 256--256
[]|\OT1/cmr/m/n/12 MSO-P1040H07T
 []


Underfull \hbox (badness 10000) in paragraph at lines 256--256
\OT1/cmr/m/n/12 Ul-tra-sonic Emit-ter
 []


Underfull \hbox (badness 10000) in paragraph at lines 260--260
[]|\OT1/cmr/m/n/12 Drivers MIC4127
 []


Underfull \hbox (badness 2368) in paragraph at lines 264--264
[]|\OT1/cmr/m/n/12 0.1uf ca-pac-i-tors 50v
 []


Underfull \hbox (badness 2181) in paragraph at lines 266--266
\OT1/cmr/m/n/12 USB-to-UART adap-
 []


Underfull \hbox (badness 10000) in paragraph at lines 270--270
[]|\OT1/cmr/m/n/12 Header Con-nec-tors
 []


Underfull \hbox (badness 1406) in paragraph at lines 272--272
\OT1/cmr/m/n/12 pin or head-ers (2x4
 []

[12 </Users/samueldehaan/Desktop/CAPSTONE/MobiCharged/docs/Design/images/HardwareContext.png>]
Underfull \hbox (badness 10000) in paragraph at lines 286--286
[]|\OT1/cmr/m/n/12 Charging De-vice's
 []


Underfull \hbox (badness 10000) in paragraph at lines 288--288
[]|\OT1/cmr/m/n/12 Device's Lower Al-
 []


Underfull \hbox (badness 4441) in paragraph at lines 290--290
[]|\OT1/cmr/m/n/12 Device's Up-per De-
 []


Underfull \hbox (badness 10000) in paragraph at lines 292--292
[]|\OT1/cmr/m/n/12 Wireless Charg-ing
 []


Underfull \hbox (badness 10000) in paragraph at lines 294--294
[]|\OT1/cmr/m/n/12 Displayed De-vice
 []


Overfull \hbox (45.93854pt too wide) in paragraph at lines 282--303
[][] 
 []


Overfull \hbox (45.93854pt too wide) in paragraph at lines 309--318
[][] 
 []

[13]
Overfull \hbox (0.55779pt too wide) in paragraph at lines 324--324
[]\OT1/cmr/bx/n/17.28 Connection be-tween Re-quire-ments and De-
 []

No file DD_REV_0.bbl.
[14] [15] [16]
Package atveryend Info: Empty hook `BeforeClearDocument' on input line 355.
 [17]
Package atveryend Info: Empty hook `AfterLastShipout' on input line 355.
 (/Users/samueldehaan/Desktop/CAPSTONE/MobiCharged/docs/Design/DD_REV_0.aux)
Package atveryend Info: Executing hook `AtVeryEndDocument' on input line 355.
Package atveryend Info: Executing hook `AtEndAfterFileList' on input line 355.
Package rerunfilecheck Info: File `DD_REV_0.out' has not changed.
(rerunfilecheck)             Checksum: 3513C90BAD90CFC738A6CC17B28B774A;1931.
Package atveryend Info: Empty hook `AtVeryVeryEnd' on input line 355.
 ) 
Here is how much of TeX's memory you used:
 8853 strings out of 480608
 173344 string characters out of 5903631
 423336 words of memory out of 5000000
 24514 multiletter control sequences out of 15000+600000
 542364 words of font info for 59 fonts, out of 8000000 for 9000
 1141 hyphenation exceptions out of 8191
 36i,11n,46p,1217b,737s stack positions out of 5000i,500n,10000p,200000b,80000s
{/usr/local/texlive/2020/texmf-dist/fonts/enc/dvips/cm-super/cm-super-ts1.enc}</usr/local/texlive/2020/texmf-dist/fonts/type1/public/amsfonts/cm/cmbx12.pfb></usr/local/texlive/2020/texmf-dist/fonts/type1/public/amsfonts/cm/cmr12.pfb></usr/local/texlive/2020/texmf-dist/fonts/type1/public/amsfonts/cm/cmr17.pfb></usr/local/texlive/2020/texmf-dist/fonts/type1/public/cm-super/sfrm1200.pfb>
Output written on /Users/samueldehaan/Desktop/CAPSTONE/MobiCharged/docs/Design/DD_REV_0.pdf (20 pages, 228260 bytes).
PDF statistics:
 313 PDF objects out of 1000 (max. 8388607)
 270 compressed objects within 3 object streams
 65 named destinations out of 1000 (max. 500000)
 268 words of extra memory for PDF output out of 10000 (max. 10000000)

