This is pdfTeX, Version 3.14159265-2.6-1.40.21 (TeX Live 2020) (preloaded format=pdflatex 2020.4.7)  3 MAR 2023 09:19
entering extended mode
 restricted \write18 enabled.
 file:line:error style messages enabled.
 %&-line parsing enabled.
**/Users/samueldehaan/Desktop/CAPSTONE/MobiCharged/docs/ProblemStatementAndGoals/ProblemStatement.tex
(/Users/samueldehaan/Desktop/CAPSTONE/MobiCharged/docs/ProblemStatementAndGoals/ProblemStatement.tex
LaTeX2e <2020-02-02> patch level 5
L3 programming layer <2020-03-06> (/usr/local/texlive/2020/texmf-dist/tex/latex/base/report.cls
Document Class: report 2019/12/20 v1.4l Standard LaTeX document class
(/usr/local/texlive/2020/texmf-dist/tex/latex/base/size12.clo
File: size12.clo 2019/12/20 v1.4l Standard LaTeX file (size option)
)
\c@part=\count167
\c@chapter=\count168
\c@section=\count169
\c@subsection=\count170
\c@subsubsection=\count171
\c@paragraph=\count172
\c@subparagraph=\count173
\c@figure=\count174
\c@table=\count175
\abovecaptionskip=\skip47
\belowcaptionskip=\skip48
\bibindent=\dimen134
) (/usr/local/texlive/2020/texmf-dist/tex/latex/graphics/graphicx.sty
Package: graphicx 2019/11/30 v1.2a Enhanced LaTeX Graphics (DPC,SPQR)
 (/usr/local/texlive/2020/texmf-dist/tex/latex/graphics/keyval.sty
Package: keyval 2014/10/28 v1.15 key=value parser (DPC)
\KV@toks@=\toks15
) (/usr/local/texlive/2020/texmf-dist/tex/latex/graphics/graphics.sty
Package: graphics 2019/11/30 v1.4a Standard LaTeX Graphics (DPC,SPQR)
 (/usr/local/texlive/2020/texmf-dist/tex/latex/graphics/trig.sty
Package: trig 2016/01/03 v1.10 sin cos tan (DPC)
) (/usr/local/texlive/2020/texmf-dist/tex/latex/graphics-cfg/graphics.cfg
File: graphics.cfg 2016/06/04 v1.11 sample graphics configuration
)
Package graphics Info: Driver file: pdftex.def on input line 105.
 (/usr/local/texlive/2020/texmf-dist/tex/latex/graphics-def/pdftex.def
File: pdftex.def 2018/01/08 v1.0l Graphics/color driver for pdftex
))
\Gin@req@height=\dimen135
\Gin@req@width=\dimen136
) (/usr/local/texlive/2020/texmf-dist/tex/latex/l3backend/l3backend-pdfmode.def
File: l3backend-pdfmode.def 2020-03-12 L3 backend support: PDF mode
\l__kernel_color_stack_int=\count176
\l__pdf_internal_box=\box45
)

LaTeX Warning: Unused global option(s):
    [a4].

(/Users/samueldehaan/Desktop/CAPSTONE/MobiCharged/docs/ProblemStatementAndGoals/ProblemStatement.aux)
\openout1 = `ProblemStatement.aux'.

LaTeX Font Info:    Checking defaults for OML/cmm/m/it on input line 4.
LaTeX Font Info:    ... okay on input line 4.
LaTeX Font Info:    Checking defaults for OMS/cmsy/m/n on input line 4.
LaTeX Font Info:    ... okay on input line 4.
LaTeX Font Info:    Checking defaults for OT1/cmr/m/n on input line 4.
LaTeX Font Info:    ... okay on input line 4.
LaTeX Font Info:    Checking defaults for T1/cmr/m/n on input line 4.
LaTeX Font Info:    ... okay on input line 4.
LaTeX Font Info:    Checking defaults for TS1/cmr/m/n on input line 4.
LaTeX Font Info:    ... okay on input line 4.
LaTeX Font Info:    Checking defaults for OMX/cmex/m/n on input line 4.
LaTeX Font Info:    ... okay on input line 4.
LaTeX Font Info:    Checking defaults for U/cmr/m/n on input line 4.
LaTeX Font Info:    ... okay on input line 4.
 (/usr/local/texlive/2020/texmf-dist/tex/context/base/mkii/supp-pdf.mkii
[Loading MPS to PDF converter (version 2006.09.02).]
\scratchcounter=\count177
\scratchdimen=\dimen137
\scratchbox=\box46
\nofMPsegments=\count178
\nofMParguments=\count179
\everyMPshowfont=\toks16
\MPscratchCnt=\count180
\MPscratchDim=\dimen138
\MPnumerator=\count181
\makeMPintoPDFobject=\count182
\everyMPtoPDFconversion=\toks17
) (/usr/local/texlive/2020/texmf-dist/tex/latex/epstopdf-pkg/epstopdf-base.sty
Package: epstopdf-base 2020-01-24 v2.11 Base part for package epstopdf
Package epstopdf-base Info: Redefining graphics rule for `.eps' on input line 485.
 (/usr/local/texlive/2020/texmf-dist/tex/latex/latexconfig/epstopdf-sys.cfg
File: epstopdf-sys.cfg 2010/07/13 v1.3 Configuration of (r)epstopdf for TeX Live
))
<mobicharged.png, id=1, 188.20313pt x 145.29282pt>
File: mobicharged.png Graphic file (type png)
<use mobicharged.png>
Package pdftex.def Info: mobicharged.png  used on input line 11.
(pdftex.def)             Requested size: 282.30397pt x 217.93867pt.
LaTeX Font Info:    External font `cmex10' loaded for size
(Font)              <14.4> on input line 11.
LaTeX Font Info:    External font `cmex10' loaded for size
(Font)              <7> on input line 11.
 [1

{/usr/local/texlive/2020/texmf-var/fonts/map/pdftex/updmap/pdftex.map} </Users/samueldehaan/Desktop/CAPSTONE/MobiCharged/docs/ProblemStatementAndGoals/mobicharged.png>]
LaTeX Font Info:    External font `cmex10' loaded for size
(Font)              <12> on input line 18.
LaTeX Font Info:    External font `cmex10' loaded for size
(Font)              <8> on input line 18.
LaTeX Font Info:    External font `cmex10' loaded for size
(Font)              <6> on input line 18.

Underfull \hbox (badness 10000) in paragraph at lines 22--22
[]\OT1/cmr/m/n/12 September 24,
 []


Underfull \hbox (badness 1365) in paragraph at lines 24--25
[]\OT1/cmr/m/n/12 Updated ti-tle, re-vi-sion his-tory
 []


Underfull \hbox (badness 2744) in paragraph at lines 26--27
\OT1/cmr/m/n/12 with "Con-ti-nous Data Col-lec-
 []


Underfull \hbox (badness 1137) in paragraph at lines 26--27
\OT1/cmr/m/n/12 tion" to ac-cu-rately re-flect up-
 []


Overfull \hbox (27.88579pt too wide) in paragraph at lines 18--31
[][] 
 []

[1] [2

] [3] [4] [5] [6] (/Users/samueldehaan/Desktop/CAPSTONE/MobiCharged/docs/ProblemStatementAndGoals/ProblemStatement.aux) ) 
Here is how much of TeX's memory you used:
 1183 strings out of 480608
 18212 string characters out of 5903631
 254792 words of memory out of 5000000
 17111 multiletter control sequences out of 15000+600000
 537506 words of font info for 41 fonts, out of 8000000 for 9000
 1141 hyphenation exceptions out of 8191
 30i,9n,25p,824b,284s stack positions out of 5000i,500n,10000p,200000b,80000s
</usr/local/texlive/2020/texmf-dist/fonts/type1/public/amsfonts/cm/cmbx12.pfb></usr/local/texlive/2020/texmf-dist/fonts/type1/public/amsfonts/cm/cmr12.pfb></usr/local/texlive/2020/texmf-dist/fonts/type1/public/amsfonts/cm/cmr17.pfb>
Output written on /Users/samueldehaan/Desktop/CAPSTONE/MobiCharged/docs/ProblemStatementAndGoals/ProblemStatement.pdf (7 pages, 61008 bytes).
PDF statistics:
 43 PDF objects out of 1000 (max. 8388607)
 28 compressed objects within 1 object stream
 0 named destinations out of 1000 (max. 500000)
 6 words of extra memory for PDF output out of 10000 (max. 10000000)

